<?xml version="1.0" encoding="UTF-8"?>
<!-- Generated by org.testng.reporters.JUnitXMLReporter -->
<testsuite ignored="0" hostname="NithyaLenova" failures="0" tests="1" name="Test" time="0.67" errors="0" timestamp="2024-02-14T20:33:07 CST">
  <testcase classname="resources.Amz_Launch_Quit" name="@BeforeMethod browserlaunch" time="-1.707964387288E9">
    <failure type="org.testng.TestNGException" message="
Parameter &amp;apos;browser&amp;apos; is required by BeforeMethod on method browserlaunch but has not been marked @Optional or defined
in C:\Users\nithi\eclipse-workspace\maven_amazon_project_1\testng.xml">
      <![CDATA[org.testng.TestNGException: 
Parameter 'browser' is required by BeforeMethod on method browserlaunch but has not been marked @Optional or defined
in C:\Users\nithi\eclipse-workspace\maven_amazon_project_1\testng.xml
at java.base/java.util.ArrayList.forEach(ArrayList.java:1511)
... Removed 28 stack frames]]>
    </failure>
  </testcase> <!-- @BeforeMethod browserlaunch -->
  <testcase classname="resources.Amz_Launch_Quit" name="@AfterMethod quit" time="-1.707964387304E9">
    <skipped/>
  </testcase> <!-- @AfterMethod quit -->
  <testcase classname="maven_assignment.Amz_Smoke_09" name="update_address" time="0.0">
    <skipped/>
  </testcase> <!-- update_address -->
</testsuite> <!-- Test -->
