<html>
<head>
<title>TestNG:  Testing Edge</title>
<link href="../testng.css" rel="stylesheet" type="text/css" />
<link href="../my-testng.css" rel="stylesheet" type="text/css" />

<style type="text/css">
.log { display: none;} 
.stack-trace { display: none;} 
</style>
<script type="text/javascript">
<!--
function flip(e) {
  current = e.style.display;
  if (current == 'block') {
    e.style.display = 'none';
    return 0;
  }
  else {
    e.style.display = 'block';
    return 1;
  }
}

function toggleBox(szDivId, elem, msg1, msg2)
{
  var res = -1;  if (document.getElementById) {
    res = flip(document.getElementById(szDivId));
  }
  else if (document.all) {
    // this is the way old msie versions work
    res = flip(document.all[szDivId]);
  }
  if(elem) {
    if(res == 0) elem.innerHTML = msg1; else elem.innerHTML = msg2;
  }

}

function toggleAllBoxes() {
  if (document.getElementsByTagName) {
    d = document.getElementsByTagName('div');
    for (i = 0; i < d.length; i++) {
      if (d[i].className == 'log') {
        flip(d[i]);
      }
    }
  }
}

// -->
</script>

</head>
<body>
<h2 align='center'>Testing Edge</h2><table border='1' align="center">
<tr>
<td>Tests passed/Failed/Skipped:</td><td>11/1/0</td>
</tr><tr>
<td>Started on:</td><td>Tue Feb 13 18:56:49 CST 2024</td>
</tr>
<tr><td>Total time:</td><td>342 seconds (342606 ms)</td>
</tr><tr>
<td>Included groups:</td><td></td>
</tr><tr>
<td>Excluded groups:</td><td></td>
</tr>
</table><p/>
<small><i>(Hover the method name to see the test class name)</i></small><p/>
<table width='100%' border='1' class='invocation-failed'>
<tr><td colspan='4' align='center'><b>FAILED TESTS</b></td></tr>
<tr><td><b>Test method</b></td>
<td width="30%"><b>Exception</b></td>
<td width="10%"><b>Time (seconds)</b></td>
<td><b>Instance</b></td>
</tr>
<tr>
<td title='automation_project_amazon.Amazon_Testcase13.verify_shopping_cart()'><b>verify_shopping_cart</b><br>Test class: automation_project_amazon.Amazon_Testcase13<br>Parameters: 7339443860, Vijaya@@@<br/>
<a href="#Output-1077739292" onClick='toggleBox("Output-1077739292", this, "Show output", "Hide output");'>Show output</a>

<a href="#Output-1077739292" onClick="toggleAllBoxes();">Show all outputs</a>
<div class='log' id="Output-1077739292">
Test case Started<br/>
Test case is failed<br/>
</div>
</td>
<td><div><pre>org.openqa.selenium.NoSuchElementException: no such element: Unable to locate element: {&quot;method&quot;:&quot;xpath&quot;,&quot;selector&quot;:&quot;//input[@id=&apos;spc-gcpromoinput&apos;]&quot;}
  (Session info: MicrosoftEdge=121.0.2277.112)
For documentation on this error, please visit: https://www.selenium.dev/documentation/webdriver/troubleshooting/errors#no-such-element-exception
Build info: version: &apos;4.16.1&apos;, revision: &apos;9b4c83354e&apos;
System info: os.name: &apos;Windows 11&apos;, os.arch: &apos;amd64&apos;, os.version: &apos;10.0&apos;, java.version: &apos;17.0.9&apos;
Driver info: org.openqa.selenium.edge.EdgeDriver
Command: [70759255efa221fc06f9ee5a95f7ed82, findElement {using=xpath, value=//input[@id=&apos;spc-gcpromoinput&apos;]}]
Capabilities {acceptInsecureCerts: false, browserName: MicrosoftEdge, browserVersion: 121.0.2277.112, fedcm:accounts: true, ms:edgeOptions: {debuggerAddress: localhost:61863}, msedge: {msedgedriverVersion: 121.0.2277.112 (c44bb51ada3..., userDataDir: C:\Users\nithi\AppData\Loca...}, networkConnectionEnabled: false, pageLoadStrategy: normal, platformName: windows, proxy: Proxy(), se:cdp: ws://localhost:61863/devtoo..., se:cdpVersion: 121.0.2277.112, setWindowRect: true, strictFileInteractability: false, timeouts: {implicit: 0, pageLoad: 300000, script: 30000}, unhandledPromptBehavior: dismiss and notify, webauthn:extension:credBlob: true, webauthn:extension:largeBlob: true, webauthn:extension:minPinLength: true, webauthn:extension:prf: true, webauthn:virtualAuthenticators: true}
Session ID: 70759255efa221fc06f9ee5a95f7ed82
	at org.openqa.selenium.remote.codec.w3c.W3CHttpResponseCodec.createException(W3CHttpResponseCodec.java:200)
	at org.openqa.selenium.remote.codec.w3c.W3CHttpResponseCodec.decode(W3CHttpResponseCodec.java:133)
	at org.openqa.selenium.remote.codec.w3c.W3CHttpResponseCodec.decode(W3CHttpResponseCodec.java:52)
	at org.openqa.selenium.remote.HttpCommandExecutor.execute(HttpCommandExecutor.java:191)
	at org.openqa.selenium.remote.service.DriverCommandExecutor.invokeExecute(DriverCommandExecutor.java:200)
	at org.openqa.selenium.remote.service.DriverCommandExecutor.execute(DriverCommandExecutor.java:175)
	at org.openqa.selenium.remote.RemoteWebDriver.execute(RemoteWebDriver.java:523)
	at org.openqa.selenium.remote.ElementLocation$ElementFinder$2.findElement(ElementLocation.java:165)
	at org.openqa.selenium.remote.ElementLocation.findElement(ElementLocation.java:59)
	at org.openqa.selenium.remote.RemoteWebDriver.findElement(RemoteWebDriver.java:360)
	at org.openqa.selenium.remote.RemoteWebDriver.findElement(RemoteWebDriver.java:354)
	at org.openqa.selenium.support.pagefactory.DefaultElementLocator.findElement(DefaultElementLocator.java:68)
	at org.openqa.selenium.support.pagefactory.internal.LocatingElementHandler.invoke(LocatingElementHandler.java:38)
	at jdk.proxy2/jdk.proxy2.$Proxy16.sendKeys(Unknown Source)
	at maven_assignment1.Amz_Coupon01.coupon_data(Amz_Coupon01.java:20)
	at automation_project_amazon.Amazon_Testcase13.verify_shopping_cart(Amazon_Testcase13.java:69)
	at java.base/java.util.ArrayList.forEach(ArrayList.java:1511)
... Removed 32 stack frames</pre></div><a href='#' onClick='toggleBox("stack-trace1077739292", this, "Click to show all stack frames", "Click to hide stack frames")'>Click to show all stack frames</a>
<div class='stack-trace' id='stack-trace1077739292'><pre>org.openqa.selenium.NoSuchElementException: no such element: Unable to locate element: {&quot;method&quot;:&quot;xpath&quot;,&quot;selector&quot;:&quot;//input[@id=&apos;spc-gcpromoinput&apos;]&quot;}
  (Session info: MicrosoftEdge=121.0.2277.112)
For documentation on this error, please visit: https://www.selenium.dev/documentation/webdriver/troubleshooting/errors#no-such-element-exception
Build info: version: &apos;4.16.1&apos;, revision: &apos;9b4c83354e&apos;
System info: os.name: &apos;Windows 11&apos;, os.arch: &apos;amd64&apos;, os.version: &apos;10.0&apos;, java.version: &apos;17.0.9&apos;
Driver info: org.openqa.selenium.edge.EdgeDriver
Command: [70759255efa221fc06f9ee5a95f7ed82, findElement {using=xpath, value=//input[@id=&apos;spc-gcpromoinput&apos;]}]
Capabilities {acceptInsecureCerts: false, browserName: MicrosoftEdge, browserVersion: 121.0.2277.112, fedcm:accounts: true, ms:edgeOptions: {debuggerAddress: localhost:61863}, msedge: {msedgedriverVersion: 121.0.2277.112 (c44bb51ada3..., userDataDir: C:\Users\nithi\AppData\Loca...}, networkConnectionEnabled: false, pageLoadStrategy: normal, platformName: windows, proxy: Proxy(), se:cdp: ws://localhost:61863/devtoo..., se:cdpVersion: 121.0.2277.112, setWindowRect: true, strictFileInteractability: false, timeouts: {implicit: 0, pageLoad: 300000, script: 30000}, unhandledPromptBehavior: dismiss and notify, webauthn:extension:credBlob: true, webauthn:extension:largeBlob: true, webauthn:extension:minPinLength: true, webauthn:extension:prf: true, webauthn:virtualAuthenticators: true}
Session ID: 70759255efa221fc06f9ee5a95f7ed82
	at java.base/jdk.internal.reflect.NativeConstructorAccessorImpl.newInstance0(Native Method)
	at java.base/jdk.internal.reflect.NativeConstructorAccessorImpl.newInstance(NativeConstructorAccessorImpl.java:77)
	at java.base/jdk.internal.reflect.DelegatingConstructorAccessorImpl.newInstance(DelegatingConstructorAccessorImpl.java:45)
	at java.base/java.lang.reflect.Constructor.newInstanceWithCaller(Constructor.java:499)
	at java.base/java.lang.reflect.Constructor.newInstance(Constructor.java:480)
	at org.openqa.selenium.remote.codec.w3c.W3CHttpResponseCodec.createException(W3CHttpResponseCodec.java:200)
	at org.openqa.selenium.remote.codec.w3c.W3CHttpResponseCodec.decode(W3CHttpResponseCodec.java:133)
	at org.openqa.selenium.remote.codec.w3c.W3CHttpResponseCodec.decode(W3CHttpResponseCodec.java:52)
	at org.openqa.selenium.remote.HttpCommandExecutor.execute(HttpCommandExecutor.java:191)
	at org.openqa.selenium.remote.service.DriverCommandExecutor.invokeExecute(DriverCommandExecutor.java:200)
	at org.openqa.selenium.remote.service.DriverCommandExecutor.execute(DriverCommandExecutor.java:175)
	at org.openqa.selenium.remote.RemoteWebDriver.execute(RemoteWebDriver.java:523)
	at org.openqa.selenium.remote.ElementLocation$ElementFinder$2.findElement(ElementLocation.java:165)
	at org.openqa.selenium.remote.ElementLocation.findElement(ElementLocation.java:59)
	at org.openqa.selenium.remote.RemoteWebDriver.findElement(RemoteWebDriver.java:360)
	at org.openqa.selenium.remote.RemoteWebDriver.findElement(RemoteWebDriver.java:354)
	at org.openqa.selenium.support.pagefactory.DefaultElementLocator.findElement(DefaultElementLocator.java:68)
	at org.openqa.selenium.support.pagefactory.internal.LocatingElementHandler.invoke(LocatingElementHandler.java:38)
	at jdk.proxy2/jdk.proxy2.$Proxy16.sendKeys(Unknown Source)
	at maven_assignment1.Amz_Coupon01.coupon_data(Amz_Coupon01.java:20)
	at automation_project_amazon.Amazon_Testcase13.verify_shopping_cart(Amazon_Testcase13.java:69)
	at java.base/jdk.internal.reflect.NativeMethodAccessorImpl.invoke0(Native Method)
	at java.base/jdk.internal.reflect.NativeMethodAccessorImpl.invoke(NativeMethodAccessorImpl.java:77)
	at java.base/jdk.internal.reflect.DelegatingMethodAccessorImpl.invoke(DelegatingMethodAccessorImpl.java:43)
	at java.base/java.lang.reflect.Method.invoke(Method.java:568)
	at org.testng.internal.MethodInvocationHelper.invokeMethod(MethodInvocationHelper.java:133)
	at org.testng.internal.TestInvoker.invokeMethod(TestInvoker.java:598)
	at org.testng.internal.TestInvoker.invokeTestMethod(TestInvoker.java:173)
	at org.testng.internal.MethodRunner.runInSequence(MethodRunner.java:46)
	at org.testng.internal.TestInvoker$MethodInvocationAgent.invoke(TestInvoker.java:824)
	at org.testng.internal.TestInvoker.invokeTestMethods(TestInvoker.java:146)
	at org.testng.internal.TestMethodWorker.invokeTestMethods(TestMethodWorker.java:146)
	at org.testng.internal.TestMethodWorker.run(TestMethodWorker.java:128)
	at java.base/java.util.ArrayList.forEach(ArrayList.java:1511)
	at org.testng.TestRunner.privateRun(TestRunner.java:794)
	at org.testng.TestRunner.run(TestRunner.java:596)
	at org.testng.SuiteRunner.runTest(SuiteRunner.java:377)
	at org.testng.SuiteRunner.runSequentially(SuiteRunner.java:371)
	at org.testng.SuiteRunner.privateRun(SuiteRunner.java:332)
	at org.testng.SuiteRunner.run(SuiteRunner.java:276)
	at org.testng.SuiteRunnerWorker.runSuite(SuiteRunnerWorker.java:53)
	at org.testng.SuiteRunnerWorker.run(SuiteRunnerWorker.java:96)
	at org.testng.TestNG.runSuitesSequentially(TestNG.java:1212)
	at org.testng.TestNG.runSuitesLocally(TestNG.java:1134)
	at org.testng.TestNG.runSuites(TestNG.java:1063)
	at org.testng.TestNG.run(TestNG.java:1031)
	at org.testng.remote.AbstractRemoteTestNG.run(AbstractRemoteTestNG.java:115)
	at org.testng.remote.RemoteTestNG.initAndRun(RemoteTestNG.java:251)
	at org.testng.remote.RemoteTestNG.main(RemoteTestNG.java:77)
</pre></div></td>
<td>52</td>
<td>automation_project_amazon.Amazon_Testcase13@6d4d66d2</td></tr>
</table><p>
<table width='100%' border='1' class='invocation-passed'>
<tr><td colspan='4' align='center'><b>PASSED TESTS</b></td></tr>
<tr><td><b>Test method</b></td>
<td width="30%"><b>Exception</b></td>
<td width="10%"><b>Time (seconds)</b></td>
<td><b>Instance</b></td>
</tr>
<tr>
<td title='automation_project_amazon.Amazon_Testcase07.necessary_info_price_etc()'><b>necessary_info_price_etc</b><br>Test class: automation_project_amazon.Amazon_Testcase07<br>Parameters: 7339443860, Vijaya@@@<br/>
<a href="#Output-1905093500" onClick='toggleBox("Output-1905093500", this, "Show output", "Hide output");'>Show output</a>

<a href="#Output-1905093500" onClick="toggleAllBoxes();">Show all outputs</a>
<div class='log' id="Output-1905093500">
Test case Started<br/>
Test case is passed<br/>
</div>
</td>
<td></td>
<td>23</td>
<td>automation_project_amazon.Amazon_Testcase07@54c5a2ff</td></tr>
<tr>
<td title='automation_project_amazon.Amazon_Testcase04.edit_profile_info()'><b>edit_profile_info</b><br>Test class: automation_project_amazon.Amazon_Testcase04<br>Parameters: 7339443860, Vijaya@@@<br/>
<a href="#Output-267494816" onClick='toggleBox("Output-267494816", this, "Show output", "Hide output");'>Show output</a>

<a href="#Output-267494816" onClick="toggleAllBoxes();">Show all outputs</a>
<div class='log' id="Output-267494816">
Test case Started<br/>
Test case is passed<br/>
</div>
</td>
<td></td>
<td>25</td>
<td>automation_project_amazon.Amazon_Testcase04@6892b3b6</td></tr>
<tr>
<td title='automation_project_amazon.Amazon_Testcase09.verify_shopping_cart()'><b>verify_shopping_cart</b><br>Test class: automation_project_amazon.Amazon_Testcase09<br>Parameters: 7339443860, Vijaya@@@<br/>
<a href="#Output-161234158" onClick='toggleBox("Output-161234158", this, "Show output", "Hide output");'>Show output</a>

<a href="#Output-161234158" onClick="toggleAllBoxes();">Show all outputs</a>
<div class='log' id="Output-161234158">
Test case Started<br/>
Test case is passed<br/>
</div>
</td>
<td></td>
<td>17</td>
<td>automation_project_amazon.Amazon_Testcase09@f78a47e</td></tr>
<tr>
<td title='automation_project_amazon.Amazon_Testcase06.searching_with_filters()'><b>searching_with_filters</b><br>Test class: automation_project_amazon.Amazon_Testcase06<br>Parameters: 7339443860, Vijaya@@@<br/>
<a href="#Output-292158973" onClick='toggleBox("Output-292158973", this, "Show output", "Hide output");'>Show output</a>

<a href="#Output-292158973" onClick="toggleAllBoxes();">Show all outputs</a>
<div class='log' id="Output-292158973">
Test case Started<br/>
Test case is passed<br/>
</div>
</td>
<td></td>
<td>18</td>
<td>automation_project_amazon.Amazon_Testcase06@644baf4a</td></tr>
<tr>
<td title='automation_project_amazon.Amazon_Testcase02.check_username_password()'><b>check_username_password</b><br>Test class: automation_project_amazon.Amazon_Testcase02<br>Parameters: 7339443860, Vijaya@@@<br/>
<a href="#Output-1679714298" onClick='toggleBox("Output-1679714298", this, "Show output", "Hide output");'>Show output</a>

<a href="#Output-1679714298" onClick="toggleAllBoxes();">Show all outputs</a>
<div class='log' id="Output-1679714298">
Test case Started<br/>
Test case is passed<br/>
</div>
</td>
<td></td>
<td>6</td>
<td>automation_project_amazon.Amazon_Testcase02@2a265ea9</td></tr>
<tr>
<td title='automation_project_amazon.Amazon_Testcase10.verify_shopping_cart()'><b>verify_shopping_cart</b><br>Test class: automation_project_amazon.Amazon_Testcase10<br>Parameters: 7339443860, Vijaya@@@<br/>
<a href="#Output-1162021415" onClick='toggleBox("Output-1162021415", this, "Show output", "Hide output");'>Show output</a>

<a href="#Output-1162021415" onClick="toggleAllBoxes();">Show all outputs</a>
<div class='log' id="Output-1162021415">
Test case Started<br/>
Test case is passed<br/>
</div>
</td>
<td></td>
<td>27</td>
<td>automation_project_amazon.Amazon_Testcase10@2e8c1c9b</td></tr>
<tr>
<td title='automation_project_amazon.Amazon_Testcase12.verify_shopping_cart()'><b>verify_shopping_cart</b><br>Test class: automation_project_amazon.Amazon_Testcase12<br>Parameters: 7339443860, Vijaya@@@<br/>
<a href="#Output-1949153992" onClick='toggleBox("Output-1949153992", this, "Show output", "Hide output");'>Show output</a>

<a href="#Output-1949153992" onClick="toggleAllBoxes();">Show all outputs</a>
<div class='log' id="Output-1949153992">
Test case Started<br/>
Test case is passed<br/>
</div>
</td>
<td></td>
<td>41</td>
<td>automation_project_amazon.Amazon_Testcase12@11392934</td></tr>
<tr>
<td title='automation_project_amazon.Amazon_Testcase14.verify_shopping_cart()'><b>verify_shopping_cart</b><br>Test class: automation_project_amazon.Amazon_Testcase14<br>Parameters: 7339443860, Vijaya@@@<br/>
<a href="#Output-948025476" onClick='toggleBox("Output-948025476", this, "Show output", "Hide output");'>Show output</a>

<a href="#Output-948025476" onClick="toggleAllBoxes();">Show all outputs</a>
<div class='log' id="Output-948025476">
Test case Started<br/>
Test case is passed<br/>
</div>
</td>
<td></td>
<td>24</td>
<td>automation_project_amazon.Amazon_Testcase14@6e6f2380</td></tr>
<tr>
<td title='automation_project_amazon.Amazon_Testcase08.sorting_price_etc()'><b>sorting_price_etc</b><br>Test class: automation_project_amazon.Amazon_Testcase08<br>Parameters: 7339443860, Vijaya@@@<br/>
<a href="#Output-1798272295" onClick='toggleBox("Output-1798272295", this, "Show output", "Hide output");'>Show output</a>

<a href="#Output-1798272295" onClick="toggleAllBoxes();">Show all outputs</a>
<div class='log' id="Output-1798272295">
Test case Started<br/>
Test case is passed<br/>
</div>
</td>
<td></td>
<td>19</td>
<td>automation_project_amazon.Amazon_Testcase08@1ed4ae0f</td></tr>
<tr>
<td title='automation_project_amazon.Amazon_Testcase05.search()'><b>search</b><br>Test class: automation_project_amazon.Amazon_Testcase05<br>Parameters: 7339443860, Vijaya@@@<br/>
<a href="#Output-972458732" onClick='toggleBox("Output-972458732", this, "Show output", "Hide output");'>Show output</a>

<a href="#Output-972458732" onClick="toggleAllBoxes();">Show all outputs</a>
<div class='log' id="Output-972458732">
Test case Started<br/>
Test case is passed<br/>
</div>
</td>
<td></td>
<td>8</td>
<td>automation_project_amazon.Amazon_Testcase05@7526515b</td></tr>
<tr>
<td title='automation_project_amazon.Amazon_Testcase11.verify_shopping_cart()'><b>verify_shopping_cart</b><br>Test class: automation_project_amazon.Amazon_Testcase11<br>Parameters: 7339443860, Vijaya@@@<br/>
<a href="#Output-1971275760" onClick='toggleBox("Output-1971275760", this, "Show output", "Hide output");'>Show output</a>

<a href="#Output-1971275760" onClick="toggleAllBoxes();">Show all outputs</a>
<div class='log' id="Output-1971275760">
Test case Started<br/>
Test case is passed<br/>
</div>
</td>
<td></td>
<td>31</td>
<td>automation_project_amazon.Amazon_Testcase11@76a4ebf2</td></tr>
</table><p>
</body>
</html>