<html>
<head>
<title>TestNG:  Testing Chrome</title>
<link href="../testng.css" rel="stylesheet" type="text/css" />
<link href="../my-testng.css" rel="stylesheet" type="text/css" />

<style type="text/css">
.log { display: none;} 
.stack-trace { display: none;} 
</style>
<script type="text/javascript">
<!--
function flip(e) {
  current = e.style.display;
  if (current == 'block') {
    e.style.display = 'none';
    return 0;
  }
  else {
    e.style.display = 'block';
    return 1;
  }
}

function toggleBox(szDivId, elem, msg1, msg2)
{
  var res = -1;  if (document.getElementById) {
    res = flip(document.getElementById(szDivId));
  }
  else if (document.all) {
    // this is the way old msie versions work
    res = flip(document.all[szDivId]);
  }
  if(elem) {
    if(res == 0) elem.innerHTML = msg1; else elem.innerHTML = msg2;
  }

}

function toggleAllBoxes() {
  if (document.getElementsByTagName) {
    d = document.getElementsByTagName('div');
    for (i = 0; i < d.length; i++) {
      if (d[i].className == 'log') {
        flip(d[i]);
      }
    }
  }
}

// -->
</script>

</head>
<body>
<h2 align='center'>Testing Chrome</h2><table border='1' align="center">
<tr>
<td>Tests passed/Failed/Skipped:</td><td>11/1/0</td>
</tr><tr>
<td>Started on:</td><td>Tue Feb 13 18:50:10 CST 2024</td>
</tr>
<tr><td>Total time:</td><td>398 seconds (398780 ms)</td>
</tr><tr>
<td>Included groups:</td><td></td>
</tr><tr>
<td>Excluded groups:</td><td></td>
</tr>
</table><p/>
<small><i>(Hover the method name to see the test class name)</i></small><p/>
<table width='100%' border='1' class='invocation-failed'>
<tr><td colspan='4' align='center'><b>FAILED TESTS</b></td></tr>
<tr><td><b>Test method</b></td>
<td width="30%"><b>Exception</b></td>
<td width="10%"><b>Time (seconds)</b></td>
<td><b>Instance</b></td>
</tr>
<tr>
<td title='automation_project_amazon.Amazon_Testcase04.edit_profile_info()'><b>edit_profile_info</b><br>Test class: automation_project_amazon.Amazon_Testcase04<br>Parameters: 7339443860, Vijaya@@@<br/>
<a href="#Output-1530078265" onClick='toggleBox("Output-1530078265", this, "Show output", "Hide output");'>Show output</a>

<a href="#Output-1530078265" onClick="toggleAllBoxes();">Show all outputs</a>
<div class='log' id="Output-1530078265">
Test case Started<br/>
Test case is failed<br/>
</div>
</td>
<td><div><pre>org.openqa.selenium.NoSuchElementException: no such element: Unable to locate element: {&quot;method&quot;:&quot;xpath&quot;,&quot;selector&quot;:&quot;//button[text()=&apos;Women&apos;]&quot;}
  (Session info: chrome=121.0.6167.161)
For documentation on this error, please visit: https://www.selenium.dev/documentation/webdriver/troubleshooting/errors#no-such-element-exception
Build info: version: &apos;4.16.1&apos;, revision: &apos;9b4c83354e&apos;
System info: os.name: &apos;Windows 11&apos;, os.arch: &apos;amd64&apos;, os.version: &apos;10.0&apos;, java.version: &apos;17.0.9&apos;
Driver info: org.openqa.selenium.chrome.ChromeDriver
Command: [ceb51e9063f165be7aca150d87d4ccdc, findElement {using=xpath, value=//button[text()=&apos;Women&apos;]}]
Capabilities {acceptInsecureCerts: false, browserName: chrome, browserVersion: 121.0.6167.161, chrome: {chromedriverVersion: 121.0.6167.85 (3f98d690ad7e..., userDataDir: C:\Users\nithi\AppData\Loca...}, fedcm:accounts: true, goog:chromeOptions: {debuggerAddress: localhost:60824}, networkConnectionEnabled: false, pageLoadStrategy: normal, platformName: windows, proxy: Proxy(), se:cdp: ws://localhost:60824/devtoo..., se:cdpVersion: 121.0.6167.161, setWindowRect: true, strictFileInteractability: false, timeouts: {implicit: 0, pageLoad: 300000, script: 30000}, unhandledPromptBehavior: dismiss and notify, webauthn:extension:credBlob: true, webauthn:extension:largeBlob: true, webauthn:extension:minPinLength: true, webauthn:extension:prf: true, webauthn:virtualAuthenticators: true}
Session ID: ceb51e9063f165be7aca150d87d4ccdc
	at org.openqa.selenium.remote.codec.w3c.W3CHttpResponseCodec.createException(W3CHttpResponseCodec.java:200)
	at org.openqa.selenium.remote.codec.w3c.W3CHttpResponseCodec.decode(W3CHttpResponseCodec.java:133)
	at org.openqa.selenium.remote.codec.w3c.W3CHttpResponseCodec.decode(W3CHttpResponseCodec.java:52)
	at org.openqa.selenium.remote.HttpCommandExecutor.execute(HttpCommandExecutor.java:191)
	at org.openqa.selenium.remote.service.DriverCommandExecutor.invokeExecute(DriverCommandExecutor.java:200)
	at org.openqa.selenium.remote.service.DriverCommandExecutor.execute(DriverCommandExecutor.java:175)
	at org.openqa.selenium.remote.RemoteWebDriver.execute(RemoteWebDriver.java:523)
	at org.openqa.selenium.remote.ElementLocation$ElementFinder$2.findElement(ElementLocation.java:165)
	at org.openqa.selenium.remote.ElementLocation.findElement(ElementLocation.java:59)
	at org.openqa.selenium.remote.RemoteWebDriver.findElement(RemoteWebDriver.java:360)
	at org.openqa.selenium.remote.RemoteWebDriver.findElement(RemoteWebDriver.java:354)
	at org.openqa.selenium.support.pagefactory.DefaultElementLocator.findElement(DefaultElementLocator.java:68)
	at org.openqa.selenium.support.pagefactory.internal.LocatingElementHandler.invoke(LocatingElementHandler.java:38)
	at jdk.proxy2/jdk.proxy2.$Proxy16.click(Unknown Source)
	at maven_assignment1.Edit_Profile.women(Edit_Profile.java:49)
	at automation_project_amazon.Amazon_Testcase04.edit_profile_info(Amazon_Testcase04.java:41)
	at java.base/java.util.ArrayList.forEach(ArrayList.java:1511)
... Removed 32 stack frames</pre></div><a href='#' onClick='toggleBox("stack-trace1530078265", this, "Click to show all stack frames", "Click to hide stack frames")'>Click to show all stack frames</a>
<div class='stack-trace' id='stack-trace1530078265'><pre>org.openqa.selenium.NoSuchElementException: no such element: Unable to locate element: {&quot;method&quot;:&quot;xpath&quot;,&quot;selector&quot;:&quot;//button[text()=&apos;Women&apos;]&quot;}
  (Session info: chrome=121.0.6167.161)
For documentation on this error, please visit: https://www.selenium.dev/documentation/webdriver/troubleshooting/errors#no-such-element-exception
Build info: version: &apos;4.16.1&apos;, revision: &apos;9b4c83354e&apos;
System info: os.name: &apos;Windows 11&apos;, os.arch: &apos;amd64&apos;, os.version: &apos;10.0&apos;, java.version: &apos;17.0.9&apos;
Driver info: org.openqa.selenium.chrome.ChromeDriver
Command: [ceb51e9063f165be7aca150d87d4ccdc, findElement {using=xpath, value=//button[text()=&apos;Women&apos;]}]
Capabilities {acceptInsecureCerts: false, browserName: chrome, browserVersion: 121.0.6167.161, chrome: {chromedriverVersion: 121.0.6167.85 (3f98d690ad7e..., userDataDir: C:\Users\nithi\AppData\Loca...}, fedcm:accounts: true, goog:chromeOptions: {debuggerAddress: localhost:60824}, networkConnectionEnabled: false, pageLoadStrategy: normal, platformName: windows, proxy: Proxy(), se:cdp: ws://localhost:60824/devtoo..., se:cdpVersion: 121.0.6167.161, setWindowRect: true, strictFileInteractability: false, timeouts: {implicit: 0, pageLoad: 300000, script: 30000}, unhandledPromptBehavior: dismiss and notify, webauthn:extension:credBlob: true, webauthn:extension:largeBlob: true, webauthn:extension:minPinLength: true, webauthn:extension:prf: true, webauthn:virtualAuthenticators: true}
Session ID: ceb51e9063f165be7aca150d87d4ccdc
	at java.base/jdk.internal.reflect.NativeConstructorAccessorImpl.newInstance0(Native Method)
	at java.base/jdk.internal.reflect.NativeConstructorAccessorImpl.newInstance(NativeConstructorAccessorImpl.java:77)
	at java.base/jdk.internal.reflect.DelegatingConstructorAccessorImpl.newInstance(DelegatingConstructorAccessorImpl.java:45)
	at java.base/java.lang.reflect.Constructor.newInstanceWithCaller(Constructor.java:499)
	at java.base/java.lang.reflect.Constructor.newInstance(Constructor.java:480)
	at org.openqa.selenium.remote.codec.w3c.W3CHttpResponseCodec.createException(W3CHttpResponseCodec.java:200)
	at org.openqa.selenium.remote.codec.w3c.W3CHttpResponseCodec.decode(W3CHttpResponseCodec.java:133)
	at org.openqa.selenium.remote.codec.w3c.W3CHttpResponseCodec.decode(W3CHttpResponseCodec.java:52)
	at org.openqa.selenium.remote.HttpCommandExecutor.execute(HttpCommandExecutor.java:191)
	at org.openqa.selenium.remote.service.DriverCommandExecutor.invokeExecute(DriverCommandExecutor.java:200)
	at org.openqa.selenium.remote.service.DriverCommandExecutor.execute(DriverCommandExecutor.java:175)
	at org.openqa.selenium.remote.RemoteWebDriver.execute(RemoteWebDriver.java:523)
	at org.openqa.selenium.remote.ElementLocation$ElementFinder$2.findElement(ElementLocation.java:165)
	at org.openqa.selenium.remote.ElementLocation.findElement(ElementLocation.java:59)
	at org.openqa.selenium.remote.RemoteWebDriver.findElement(RemoteWebDriver.java:360)
	at org.openqa.selenium.remote.RemoteWebDriver.findElement(RemoteWebDriver.java:354)
	at org.openqa.selenium.support.pagefactory.DefaultElementLocator.findElement(DefaultElementLocator.java:68)
	at org.openqa.selenium.support.pagefactory.internal.LocatingElementHandler.invoke(LocatingElementHandler.java:38)
	at jdk.proxy2/jdk.proxy2.$Proxy16.click(Unknown Source)
	at maven_assignment1.Edit_Profile.women(Edit_Profile.java:49)
	at automation_project_amazon.Amazon_Testcase04.edit_profile_info(Amazon_Testcase04.java:41)
	at java.base/jdk.internal.reflect.NativeMethodAccessorImpl.invoke0(Native Method)
	at java.base/jdk.internal.reflect.NativeMethodAccessorImpl.invoke(NativeMethodAccessorImpl.java:77)
	at java.base/jdk.internal.reflect.DelegatingMethodAccessorImpl.invoke(DelegatingMethodAccessorImpl.java:43)
	at java.base/java.lang.reflect.Method.invoke(Method.java:568)
	at org.testng.internal.MethodInvocationHelper.invokeMethod(MethodInvocationHelper.java:133)
	at org.testng.internal.TestInvoker.invokeMethod(TestInvoker.java:598)
	at org.testng.internal.TestInvoker.invokeTestMethod(TestInvoker.java:173)
	at org.testng.internal.MethodRunner.runInSequence(MethodRunner.java:46)
	at org.testng.internal.TestInvoker$MethodInvocationAgent.invoke(TestInvoker.java:824)
	at org.testng.internal.TestInvoker.invokeTestMethods(TestInvoker.java:146)
	at org.testng.internal.TestMethodWorker.invokeTestMethods(TestMethodWorker.java:146)
	at org.testng.internal.TestMethodWorker.run(TestMethodWorker.java:128)
	at java.base/java.util.ArrayList.forEach(ArrayList.java:1511)
	at org.testng.TestRunner.privateRun(TestRunner.java:794)
	at org.testng.TestRunner.run(TestRunner.java:596)
	at org.testng.SuiteRunner.runTest(SuiteRunner.java:377)
	at org.testng.SuiteRunner.runSequentially(SuiteRunner.java:371)
	at org.testng.SuiteRunner.privateRun(SuiteRunner.java:332)
	at org.testng.SuiteRunner.run(SuiteRunner.java:276)
	at org.testng.SuiteRunnerWorker.runSuite(SuiteRunnerWorker.java:53)
	at org.testng.SuiteRunnerWorker.run(SuiteRunnerWorker.java:96)
	at org.testng.TestNG.runSuitesSequentially(TestNG.java:1212)
	at org.testng.TestNG.runSuitesLocally(TestNG.java:1134)
	at org.testng.TestNG.runSuites(TestNG.java:1063)
	at org.testng.TestNG.run(TestNG.java:1031)
	at org.testng.remote.AbstractRemoteTestNG.run(AbstractRemoteTestNG.java:115)
	at org.testng.remote.RemoteTestNG.initAndRun(RemoteTestNG.java:251)
	at org.testng.remote.RemoteTestNG.main(RemoteTestNG.java:77)
</pre></div></td>
<td>33</td>
<td>automation_project_amazon.Amazon_Testcase04@783a467b</td></tr>
</table><p>
<table width='100%' border='1' class='invocation-passed'>
<tr><td colspan='4' align='center'><b>PASSED TESTS</b></td></tr>
<tr><td><b>Test method</b></td>
<td width="30%"><b>Exception</b></td>
<td width="10%"><b>Time (seconds)</b></td>
<td><b>Instance</b></td>
</tr>
<tr>
<td title='automation_project_amazon.Amazon_Testcase11.verify_shopping_cart()'><b>verify_shopping_cart</b><br>Test class: automation_project_amazon.Amazon_Testcase11<br>Parameters: 7339443860, Vijaya@@@<br/>
<a href="#Output-1057778492" onClick='toggleBox("Output-1057778492", this, "Show output", "Hide output");'>Show output</a>

<a href="#Output-1057778492" onClick="toggleAllBoxes();">Show all outputs</a>
<div class='log' id="Output-1057778492">
Test case Started<br/>
Test case is passed<br/>
</div>
</td>
<td></td>
<td>48</td>
<td>automation_project_amazon.Amazon_Testcase11@73e9cf30</td></tr>
<tr>
<td title='automation_project_amazon.Amazon_Testcase09.verify_shopping_cart()'><b>verify_shopping_cart</b><br>Test class: automation_project_amazon.Amazon_Testcase09<br>Parameters: 7339443860, Vijaya@@@<br/>
<a href="#Output-1458905542" onClick='toggleBox("Output-1458905542", this, "Show output", "Hide output");'>Show output</a>

<a href="#Output-1458905542" onClick="toggleAllBoxes();">Show all outputs</a>
<div class='log' id="Output-1458905542">
Test case Started<br/>
Test case is passed<br/>
</div>
</td>
<td></td>
<td>45</td>
<td>automation_project_amazon.Amazon_Testcase09@d5b810e</td></tr>
<tr>
<td title='automation_project_amazon.Amazon_Testcase07.necessary_info_price_etc()'><b>necessary_info_price_etc</b><br>Test class: automation_project_amazon.Amazon_Testcase07<br>Parameters: 7339443860, Vijaya@@@<br/>
<a href="#Output-593185976" onClick='toggleBox("Output-593185976", this, "Show output", "Hide output");'>Show output</a>

<a href="#Output-593185976" onClick="toggleAllBoxes();">Show all outputs</a>
<div class='log' id="Output-593185976">
Test case Started<br/>
Test case is passed<br/>
</div>
</td>
<td></td>
<td>23</td>
<td>automation_project_amazon.Amazon_Testcase07@72e5a8e</td></tr>
<tr>
<td title='automation_project_amazon.Amazon_Testcase13.verify_shopping_cart()'><b>verify_shopping_cart</b><br>Test class: automation_project_amazon.Amazon_Testcase13<br>Parameters: 7339443860, Vijaya@@@<br/>
<a href="#Output-1028908791" onClick='toggleBox("Output-1028908791", this, "Show output", "Hide output");'>Show output</a>

<a href="#Output-1028908791" onClick="toggleAllBoxes();">Show all outputs</a>
<div class='log' id="Output-1028908791">
Test case Started<br/>
Test case is passed<br/>
</div>
</td>
<td></td>
<td>40</td>
<td>automation_project_amazon.Amazon_Testcase13@54e1c68b</td></tr>
<tr>
<td title='automation_project_amazon.Amazon_Testcase02.check_username_password()'><b>check_username_password</b><br>Test class: automation_project_amazon.Amazon_Testcase02<br>Parameters: 7339443860, Vijaya@@@<br/>
<a href="#Output-1482986993" onClick='toggleBox("Output-1482986993", this, "Show output", "Hide output");'>Show output</a>

<a href="#Output-1482986993" onClick="toggleAllBoxes();">Show all outputs</a>
<div class='log' id="Output-1482986993">
Test case Started<br/>
Test case is passed<br/>
</div>
</td>
<td></td>
<td>19</td>
<td>automation_project_amazon.Amazon_Testcase02@53aac487</td></tr>
<tr>
<td title='automation_project_amazon.Amazon_Testcase14.verify_shopping_cart()'><b>verify_shopping_cart</b><br>Test class: automation_project_amazon.Amazon_Testcase14<br>Parameters: 7339443860, Vijaya@@@<br/>
<a href="#Output-1056094437" onClick='toggleBox("Output-1056094437", this, "Show output", "Hide output");'>Show output</a>

<a href="#Output-1056094437" onClick="toggleAllBoxes();">Show all outputs</a>
<div class='log' id="Output-1056094437">
Test case Started<br/>
Test case is passed<br/>
</div>
</td>
<td></td>
<td>10</td>
<td>automation_project_amazon.Amazon_Testcase14@272113c4</td></tr>
<tr>
<td title='automation_project_amazon.Amazon_Testcase10.verify_shopping_cart()'><b>verify_shopping_cart</b><br>Test class: automation_project_amazon.Amazon_Testcase10<br>Parameters: 7339443860, Vijaya@@@<br/>
<a href="#Output-664555067" onClick='toggleBox("Output-664555067", this, "Show output", "Hide output");'>Show output</a>

<a href="#Output-664555067" onClick="toggleAllBoxes();">Show all outputs</a>
<div class='log' id="Output-664555067">
Test case Started<br/>
Test case is passed<br/>
</div>
</td>
<td></td>
<td>16</td>
<td>automation_project_amazon.Amazon_Testcase10@771a660</td></tr>
<tr>
<td title='automation_project_amazon.Amazon_Testcase06.searching_with_filters()'><b>searching_with_filters</b><br>Test class: automation_project_amazon.Amazon_Testcase06<br>Parameters: 7339443860, Vijaya@@@<br/>
<a href="#Output-1464502754" onClick='toggleBox("Output-1464502754", this, "Show output", "Hide output");'>Show output</a>

<a href="#Output-1464502754" onClick="toggleAllBoxes();">Show all outputs</a>
<div class='log' id="Output-1464502754">
Test case Started<br/>
Test case is passed<br/>
</div>
</td>
<td></td>
<td>32</td>
<td>automation_project_amazon.Amazon_Testcase06@b9b00e0</td></tr>
<tr>
<td title='automation_project_amazon.Amazon_Testcase12.verify_shopping_cart()'><b>verify_shopping_cart</b><br>Test class: automation_project_amazon.Amazon_Testcase12<br>Parameters: 7339443860, Vijaya@@@<br/>
<a href="#Output-1946917456" onClick='toggleBox("Output-1946917456", this, "Show output", "Hide output");'>Show output</a>

<a href="#Output-1946917456" onClick="toggleAllBoxes();">Show all outputs</a>
<div class='log' id="Output-1946917456">
Test case Started<br/>
Test case is passed<br/>
</div>
</td>
<td></td>
<td>58</td>
<td>automation_project_amazon.Amazon_Testcase12@7db12bb6</td></tr>
<tr>
<td title='automation_project_amazon.Amazon_Testcase05.search()'><b>search</b><br>Test class: automation_project_amazon.Amazon_Testcase05<br>Parameters: 7339443860, Vijaya@@@<br/>
<a href="#Output-406265225" onClick='toggleBox("Output-406265225", this, "Show output", "Hide output");'>Show output</a>

<a href="#Output-406265225" onClick="toggleAllBoxes();">Show all outputs</a>
<div class='log' id="Output-406265225">
Test case Started<br/>
Test case is passed<br/>
</div>
</td>
<td></td>
<td>10</td>
<td>automation_project_amazon.Amazon_Testcase05@506ae4d4</td></tr>
<tr>
<td title='automation_project_amazon.Amazon_Testcase08.sorting_price_etc()'><b>sorting_price_etc</b><br>Test class: automation_project_amazon.Amazon_Testcase08<br>Parameters: 7339443860, Vijaya@@@<br/>
<a href="#Output-176376157" onClick='toggleBox("Output-176376157", this, "Show output", "Hide output");'>Show output</a>

<a href="#Output-176376157" onClick="toggleAllBoxes();">Show all outputs</a>
<div class='log' id="Output-176376157">
Test case Started<br/>
Test case is passed<br/>
</div>
</td>
<td></td>
<td>17</td>
<td>automation_project_amazon.Amazon_Testcase08@7d4f9aae</td></tr>
</table><p>
</body>
</html>