<?xml version="1.0" encoding="UTF-8"?>
<!-- Generated by org.testng.reporters.JUnitXMLReporter -->
<testsuite ignored="0" hostname="NithyaLenova" failures="1" tests="1" name="Testing Chrome(failed)" time="17.844" errors="0" timestamp="2024-02-16T22:27:08 CST">
  <testcase classname="automation_project_amazon.Amazon_Testcase07" name="necessary_info_price_etc" time="13.249">
    <failure type="java.lang.AssertionError" message="Price is not shown expected [individual_price] but found [1,196]">
      <![CDATA[java.lang.AssertionError: Price is not shown expected [individual_price] but found [1,196]
at maven_assignment1.Searching_Category.individual_price(Searching_Category.java:79)
at automation_project_amazon.Amazon_Testcase07.necessary_info_price_etc(Amazon_Testcase07.java:50)
at java.base/java.util.ArrayList.forEach(ArrayList.java:1511)
... Removed 32 stack frames]]>
    </failure>
  </testcase> <!-- necessary_info_price_etc -->
</testsuite> <!-- Testing Chrome(failed) -->
